This is pdfTeX, Version 3.14159265-2.6-1.40.15 (TeX Live 2014) (preloaded format=pdftex 2015.4.15)  11 AUG 2016 11:50
entering extended mode
 restricted \write18 enabled.
 %&-line parsing enabled.
**manual
(./manual.tex (./gapmacro.tex
(/usr/local/texlive/2014/texmf-dist/tex/plain/amsfonts/amssym.tex
(/usr/local/texlive/2014/texmf-dist/tex/plain/amsfonts/amssym.def
\msafam=\fam8
\msbfam=\fam9
\eufmfam=\fam10
))
Running PDFTeX
\pagewidth=\dimen16
\pageheight=\dimen17
\colwidth=\dimen18
\partialpage=\box16
\origvsize=\dimen19
\manindent=\dimen20
\smallmanindent=\dimen21
\msbfam=\fam11
\labelout=\write0
\indexout=\write1
\secindout=\write2
\tocout=\write3
\citeout=\write4
\ans=\write5
\labelin=\read1
\indexin=\read2
\tocin=\read3
\citein=\read4
\secno=\count27
\subsecno=\count28
\exno=\count29
\indentno=\count30
\chapnum=\count31
\ortoks=\toks13
) (../VERSION) [1{/usr/local/texlive/2014/texmf-var/fonts/map/pdftex/updmap/pdf
tex.map}]
\makelabel{SglPPow:Contents}{{\setbox 0=\hbox {1}\vrule width 0pt height\ht 0}}

Chapter `Contents' .
(./manual.toc) [2.1
\chapcontents {\tocstrut }{Contents}{2}
] (./manual.lab)
\openout3 = `manual.toc'.

\openout0 = `manual.lab'.

\openout1 = `manual.idx'.

\openout2 = `manual.six'.

\openout4 = `manual.aux'.

 (./intro.tex
Chapter `Introduction' .
) (./access.tex [3.1]
Chapter `Accessing the data' .
) (./data.tex [4.2]
Chapter `The organization of the data' .
[5.3] [6.3]) (./install.tex [7.3]
Chapter `Installing and loading the package' .
) [8.4]
Chapter `Bibliography' .
(./manual.bbl) [9.5]
Chapter `Index' .
No file manual.ind.
##
## Citations for BibTeX written on manual.aux.
## Index entries for makeindex written on manual.idx.
## Section index entries written on manual.six.
## Label definitions written on manual.lab.
## Table of contents written on manual.toc.
## Labels have changed, run again. (Or they were multiply defined.)
##
[10.6] )pdfTeX warning (dest): name{Index} has been referenced but does not exi
st, replaced by a fixed one

</usr/local/texlive/2014/texmf-dist/fonts/type1/public/amsfonts/cm/cmbx10.pfb><
/usr/local/texlive/2014/texmf-dist/fonts/type1/public/amsfonts/cm/cminch.pfb></
usr/local/texlive/2014/texmf-dist/fonts/type1/public/amsfonts/cm/cmmi10.pfb></u
sr/local/texlive/2014/texmf-dist/fonts/type1/public/amsfonts/cm/cmr10.pfb></usr
/local/texlive/2014/texmf-dist/fonts/type1/public/amsfonts/cm/cmr7.pfb></usr/lo
cal/texlive/2014/texmf-dist/fonts/type1/public/amsfonts/cm/cmr8.pfb></usr/local
/texlive/2014/texmf-dist/fonts/type1/public/amsfonts/cm/cmsl10.pfb></usr/local/
texlive/2014/texmf-dist/fonts/type1/public/amsfonts/cm/cmssdc10.pfb></usr/local
/texlive/2014/texmf-dist/fonts/type1/public/amsfonts/cm/cmsy10.pfb></usr/local/
texlive/2014/texmf-dist/fonts/type1/public/amsfonts/cm/cmsy7.pfb></usr/local/te
xlive/2014/texmf-dist/fonts/type1/public/amsfonts/cm/cmti10.pfb></usr/local/tex
live/2014/texmf-dist/fonts/type1/public/amsfonts/cm/cmtt10.pfb></usr/local/texl
ive/2014/texmf-dist/fonts/type1/public/amsfonts/symbols/msam7.pfb>
Output written on manual.pdf (10 pages, 164309 bytes).
PDF statistics:
 135 PDF objects out of 1000 (max. 8388607)
 108 compressed objects within 2 object streams
 10 named destinations out of 1000 (max. 500000)
 81 words of extra memory for PDF output out of 10000 (max. 10000000)

